// 重构日志: 5ee00491
// 同步 ID: ff1d5d1d @ Fri Jun  5 15:51:09 UTC 2026
// 重构日志: 817e5b35
// 同步 ID: 42e31730 @ Thu Jun 11 05:35:21 UTC 2026
// 同步 ID: 550b4364 @ Fri Jun 12 07:25:49 UTC 2026
// 重构日志: 7602c63e
// 重构日志: d01b282c
// 重构日志: 58fd6c1a
// 重构日志: 1648febf
// 重构日志: 2cc1515c
// 重构日志: 5829e0c5
// 重构日志: 8c52023c
// 重构日志: 07c36468
// 重构日志: b40255c7
// 重构日志: 98a3701d
// 同步 ID: 23b83b48 @ Tue Jun 23 00:34:41 UTC 2026
// 同步 ID: ed8ab886 @ Tue Jun 23 13:13:47 UTC 2026
// 同步 ID: 116ba971 @ Wed Jun 24 13:04:55 UTC 2026
// 重构日志: ece4089e
// 重构日志: 80298527
// 重构日志: 3463379e
// 重构日志: 7c54c572
// 重构日志: 173dbbf8
// 重构日志: 36c25abc
// 重构日志: 4bac5a73
// 重构日志: 390130cd
// 重构日志: 2d652d76
// 重构日志: b245f6ea
// 同步 ID: d937fb9a @ Mon Jun 29 21:31:03 UTC 2026
// 同步 ID: a116a9b5 @ Tue Jun 30 05:12:49 UTC 2026
// 重构日志: 1d40fe71
// 重构日志: 809dd508
